# JRE version: Java(TM) SE Runtime Environment (8.0_211-b12) (build 1.8.0_211-b12)
# Java VM: Java HotSpot(TM) 64-Bit Server VM (25.211-b12 mixed mode windows-amd64 compressed oops)
Heap:
 PSYoungGen      total 142336K, used 99974K [0x00000000f5580000, 0x00000000fef80000, 0x0000000100000000)
  eden space 131584K, 67% used [0x00000000f5580000,0x00000000faca1b10,0x00000000fd600000)
  from space 10752K, 99% used [0x00000000fe200000,0x00000000fec7ff90,0x00000000fec80000)
  to   space 12288K, 0% used [0x00000000fd600000,0x00000000fd600000,0x00000000fe200000)
 ParOldGen       total 87552K, used 8094K [0x00000000e0000000, 0x00000000e5580000, 0x00000000f5580000)
  object space 87552K, 9% used [0x00000000e0000000,0x00000000e07e7888,0x00000000e5580000)
 Metaspace       used 17117K, capacity 17278K, committed 17408K, reserved 1064960K
  class space    used 1939K, capacity 2006K, committed 2048K, reserved 1048576K
GC Heap History (10 events):
Event: 1.011 GC heap before
{Heap before GC invocations=2 (full 0):
 PSYoungGen      total 38400K, used 37404K [0x00000000f5580000, 0x00000000f8000000, 0x0000000100000000)
  eden space 33280K, 100% used [0x00000000f5580000,0x00000000f7600000,0x00000000f7600000)
  from space 5120K, 80% used [0x00000000f7600000,0x00000000f7a07210,0x00000000f7b00000)
  to   space 5120K, 0% used [0x00000000f7b00000,0x00000000f7b00000,0x00000000f8000000)
 ParOldGen       total 87552K, used 8K [0x00000000e0000000, 0x00000000e5580000, 0x00000000f5580000)
  object space 87552K, 0% used [0x00000000e0000000,0x00000000e0002000,0x00000000e5580000)
 Metaspace       used 6074K, capacity 6188K, committed 6400K, reserved 1056768K
  class space    used 689K, capacity 722K, committed 768K, reserved 1048576K
Event: 1.017 GC heap after
Heap after GC invocations=2 (full 0):
 PSYoungGen      total 38400K, used 5097K [0x00000000f5580000, 0x00000000fa080000, 0x0000000100000000)
  eden space 33280K, 0% used [0x00000000f5580000,0x00000000f5580000,0x00000000f7600000)
  from space 5120K, 99% used [0x00000000f7b00000,0x00000000f7ffa478,0x00000000f8000000)
  to   space 5120K, 0% used [0x00000000f7600000,0x00000000f7600000,0x00000000f7b00000)
 ParOldGen       total 87552K, used 193K [0x00000000e0000000, 0x00000000e5580000, 0x00000000f5580000)
  object space 87552K, 0% used [0x00000000e0000000,0x00000000e0030758,0x00000000e5580000)
 Metaspace       used 6074K, capacity 6188K, committed 6400K, reserved 1056768K
  class space    used 689K, capacity 722K, committed 768K, reserved 1048576K
}
Event: 1.342 GC heap before
{Heap before GC invocations=3 (full 0):
 PSYoungGen      total 38400K, used 38377K [0x00000000f5580000, 0x00000000fa080000, 0x0000000100000000)
  eden space 33280K, 100% used [0x00000000f5580000,0x00000000f7600000,0x00000000f7600000)
  from space 5120K, 99% used [0x00000000f7b00000,0x00000000f7ffa478,0x00000000f8000000)
  to   space 5120K, 0% used [0x00000000f7600000,0x00000000f7600000,0x00000000f7b00000)
 ParOldGen       total 87552K, used 193K [0x00000000e0000000, 0x00000000e5580000, 0x00000000f5580000)
  object space 87552K, 0% used [0x00000000e0000000,0x00000000e0030758,0x00000000e5580000)
 Metaspace       used 8357K, capacity 8436K, committed 8704K, reserved 1056768K
  class space    used 950K, capacity 978K, committed 1024K, reserved 1048576K
Event: 1.347 GC heap after
Heap after GC invocations=3 (full 0):
 PSYoungGen      total 38400K, used 5107K [0x00000000f5580000, 0x00000000fa080000, 0x0000000100000000)
  eden space 33280K, 0% used [0x00000000f5580000,0x00000000f5580000,0x00000000f7600000)
  from space 5120K, 99% used [0x00000000f7600000,0x00000000f7afcde0,0x00000000f7b00000)
  to   space 5120K, 0% used [0x00000000f9b80000,0x00000000f9b80000,0x00000000fa080000)
 ParOldGen       total 87552K, used 1232K [0x00000000e0000000, 0x00000000e5580000, 0x00000000f5580000)
  object space 87552K, 1% used [0x00000000e0000000,0x00000000e0134100,0x00000000e5580000)
 Metaspace       used 8357K, capacity 8436K, committed 8704K, reserved 1056768K
  class space    used 950K, capacity 978K, committed 1024K, reserved 1048576K
}
Event: 1.535 GC heap before
{Heap before GC invocations=4 (full 0):
 PSYoungGen      total 38400K, used 38387K [0x00000000f5580000, 0x00000000fa080000, 0x0000000100000000)
  eden space 33280K, 100% used [0x00000000f5580000,0x00000000f7600000,0x00000000f7600000)
  from space 5120K, 99% used [0x00000000f7600000,0x00000000f7afcde0,0x00000000f7b00000)
  to   space 5120K, 0% used [0x00000000f9b80000,0x00000000f9b80000,0x00000000fa080000)
 ParOldGen       total 87552K, used 1232K [0x00000000e0000000, 0x00000000e5580000, 0x00000000f5580000)
  object space 87552K, 1% used [0x00000000e0000000,0x00000000e0134100,0x00000000e5580000)
 Metaspace       used 10415K, capacity 10606K, committed 10752K, reserved 1058816K
  class space    used 1178K, capacity 1251K, committed 1280K, reserved 1048576K
Event: 1.542 GC heap after
Heap after GC invocations=4 (full 0):
 PSYoungGen      total 71680K, used 5109K [0x00000000f5580000, 0x00000000fa080000, 0x0000000100000000)
  eden space 66560K, 0% used [0x00000000f5580000,0x00000000f5580000,0x00000000f9680000)
  from space 5120K, 99% used [0x00000000f9b80000,0x00000000fa07d790,0x00000000fa080000)
  to   space 5120K, 0% used [0x00000000f9680000,0x00000000f9680000,0x00000000f9b80000)
 ParOldGen       total 87552K, used 2508K [0x00000000e0000000, 0x00000000e5580000, 0x00000000f5580000)
  object space 87552K, 2% used [0x00000000e0000000,0x00000000e0273028,0x00000000e5580000)
 Metaspace       used 10415K, capacity 10606K, committed 10752K, reserved 1058816K
  class space    used 1178K, capacity 1251K, committed 1280K, reserved 1048576K
}
Event: 2.040 GC heap before
{Heap before GC invocations=5 (full 0):
 PSYoungGen      total 71680K, used 71669K [0x00000000f5580000, 0x00000000fa080000, 0x0000000100000000)
  eden space 66560K, 100% used [0x00000000f5580000,0x00000000f9680000,0x00000000f9680000)
  from space 5120K, 99% used [0x00000000f9b80000,0x00000000fa07d790,0x00000000fa080000)
  to   space 5120K, 0% used [0x00000000f9680000,0x00000000f9680000,0x00000000f9b80000)
 ParOldGen       total 87552K, used 2508K [0x00000000e0000000, 0x00000000e5580000, 0x00000000f5580000)
  object space 87552K, 2% used [0x00000000e0000000,0x00000000e0273028,0x00000000e5580000)
 Metaspace       used 13455K, capacity 13672K, committed 13952K, reserved 1060864K
  class space    used 1522K, capacity 1618K, committed 1664K, reserved 1048576K
Event: 2.064 GC heap after
Heap after GC invocations=5 (full 0):
 PSYoungGen      total 71680K, used 5104K [0x00000000f5580000, 0x00000000fec80000, 0x0000000100000000)
  eden space 66560K, 0% used [0x00000000f5580000,0x00000000f5580000,0x00000000f9680000)
  from space 5120K, 99% used [0x00000000f9680000,0x00000000f9b7c020,0x00000000f9b80000)
  to   space 10752K, 0% used [0x00000000fe200000,0x00000000fe200000,0x00000000fec80000)
 ParOldGen       total 87552K, used 8086K [0x00000000e0000000, 0x00000000e5580000, 0x00000000f5580000)
  object space 87552K, 9% used [0x00000000e0000000,0x00000000e07e5888,0x00000000e5580000)
 Metaspace       used 13455K, capacity 13672K, committed 13952K, reserved 1060864K
  class space    used 1522K, capacity 1618K, committed 1664K, reserved 1048576K
}
Event: 2.463 GC heap before
{Heap before GC invocations=6 (full 0):
 PSYoungGen      total 71680K, used 71664K [0x00000000f5580000, 0x00000000fec80000, 0x0000000100000000)
  eden space 66560K, 100% used [0x00000000f5580000,0x00000000f9680000,0x00000000f9680000)
  from space 5120K, 99% used [0x00000000f9680000,0x00000000f9b7c020,0x00000000f9b80000)
  to   space 10752K, 0% used [0x00000000fe200000,0x00000000fe200000,0x00000000fec80000)
 ParOldGen       total 87552K, used 8086K [0x00000000e0000000, 0x00000000e5580000, 0x00000000f5580000)
  object space 87552K, 9% used [0x00000000e0000000,0x00000000e07e5888,0x00000000e5580000)
 Metaspace       used 16049K, capacity 16200K, committed 16256K, reserved 1062912K
  class space    used 1831K, capacity 1906K, committed 1920K, reserved 1048576K
Event: 2.488 GC heap after
Heap after GC invocations=6 (full 0):
 PSYoungGen      total 142336K, used 10751K [0x00000000f5580000, 0x00000000fef80000, 0x0000000100000000)
  eden space 131584K, 0% used [0x00000000f5580000,0x00000000f5580000,0x00000000fd600000)
  from space 10752K, 99% used [0x00000000fe200000,0x00000000fec7ff90,0x00000000fec80000)
  to   space 12288K, 0% used [0x00000000fd600000,0x00000000fd600000,0x00000000fe200000)
 ParOldGen       total 87552K, used 8094K [0x00000000e0000000, 0x00000000e5580000, 0x00000000f5580000)
  object space 87552K, 9% used [0x00000000e0000000,0x00000000e07e7888,0x00000000e5580000)
 Metaspace       used 16049K, capacity 16200K, committed 16256K, reserved 1062912K
  class space    used 1831K, capacity 1906K, committed 1920K, reserved 1048576K
}

